{
    "id": "DP-95433",
    "amount": 10000,
    "currency": "COP",
    "payment_method_type": "BANK_TRANSFER",
    "country": "CO",
    "created_date": "2025-05-15T23:26:54",
    "approved_date": "2025-05-15T23:27:29",
    "status": "PENDING",
    "order_id": "312118823446346624",
    "notification_url": "https:\/\/blue-parrot-771704.hostingersite.com\/404\/webhook.php",
    "redirect_url": "https:\/\/checkout-sbx.dlocalgo.com\/validate\/4YCR3YLXoJLweKfXr7oNZWvDzv3ixGSd",
    "merchant_checkout_token": "4YCR3YLXoJLweKfXr7oNZWvDzv3ixGSd",
    "direct": false,
    "payer": {
        "first_name": "Madara",
        "last_name": "Cordoba",
        "email": "adrian24cg@gmail.com",
        "document_type": "CC",
        "document": "1077996641"
    }
}
{
    "id": "DP-95433",
    "amount": 10000,
    "currency": "COP",
    "payment_method_type": "BANK_TRANSFER",
    "country": "CO",
    "created_date": "2025-05-15T23:26:54",
    "approved_date": "2025-05-15T23:27:29",
    "status": "PAID",
    "order_id": "312118823446346624",
    "notification_url": "https:\/\/blue-parrot-771704.hostingersite.com\/404\/webhook.php",
    "redirect_url": "https:\/\/checkout-sbx.dlocalgo.com\/validate\/4YCR3YLXoJLweKfXr7oNZWvDzv3ixGSd",
    "merchant_checkout_token": "4YCR3YLXoJLweKfXr7oNZWvDzv3ixGSd",
    "direct": false,
    "payer": {
        "first_name": "Madara",
        "last_name": "Cordoba",
        "email": "adrian24cg@gmail.com",
        "document_type": "CC",
        "document": "1077996641"
    }
}
