{
    "id": "DP-95436",
    "amount": 10000,
    "currency": "COP",
    "payment_method_type": "BANK_TRANSFER",
    "country": "CO",
    "created_date": "2025-05-15T23:53:53",
    "approved_date": "2025-05-15T23:54:15",
    "status": "PENDING",
    "order_id": "312147770704004330",
    "notification_url": "https:\/\/blue-parrot-771704.hostingersite.com\/404\/webhook.php",
    "redirect_url": "https:\/\/checkout-sbx.dlocalgo.com\/validate\/P34s43JYMDe6lvXCZqZecGKwMD59v6Fr",
    "merchant_checkout_token": "P34s43JYMDe6lvXCZqZecGKwMD59v6Fr",
    "direct": false,
    "payer": {
        "first_name": "Adrian",
        "last_name": "Cordoba",
        "email": "adrian24cg@mail.com",
        "document_type": "CC",
        "document": "1077996639"
    }
}
{
    "id": "DP-95436",
    "amount": 10000,
    "currency": "COP",
    "payment_method_type": "BANK_TRANSFER",
    "country": "CO",
    "created_date": "2025-05-15T23:53:53",
    "approved_date": "2025-05-15T23:54:15",
    "status": "PAID",
    "order_id": "312147770704004330",
    "notification_url": "https:\/\/blue-parrot-771704.hostingersite.com\/404\/webhook.php",
    "redirect_url": "https:\/\/checkout-sbx.dlocalgo.com\/validate\/P34s43JYMDe6lvXCZqZecGKwMD59v6Fr",
    "merchant_checkout_token": "P34s43JYMDe6lvXCZqZecGKwMD59v6Fr",
    "direct": false,
    "payer": {
        "first_name": "Adrian",
        "last_name": "Cordoba",
        "email": "adrian24cg@mail.com",
        "document_type": "CC",
        "document": "1077996639"
    }
}
